<?xml version="1.0" encoding="UTF-8"?>
<!-- Generated by org.testng.reporters.JUnitReportReporter -->
<testsuite hostname="DESKTOP-34O110H" failures="0" tests="4" name="TestNG.Groups" time="0.020" errors="0" timestamp="2022-06-03T21:04:08 IST" skipped="0">
  <testcase classname="TestNG.Groups" name="test4" time="0.014"/>
  <system-out/>
  <testcase classname="TestNG.Groups" name="test6" time="0.002"/>
  <system-out/>
  <testcase classname="TestNG.Groups" name="test5" time="0.001"/>
  <system-out/>
  <testcase classname="TestNG.Groups" name="test7" time="0.003"/>
  <system-out/>
</testsuite> <!-- TestNG.Groups -->
